-------------------------------------------------------------------------------
Test set: TouristSpotPictureTest
-------------------------------------------------------------------------------
Tests run: 3, Failures: 0, Errors: 1, Skipped: 0, Time elapsed: 0.002 s <<< FAILURE! - in TouristSpotPictureTest
unnecessary Mockito stubbings(TouristSpotPictureTest)  Time elapsed: 0.002 s  <<< ERROR!
org.mockito.exceptions.misusing.UnnecessaryStubbingException: 

Unnecessary stubbings detected in test class: TouristSpotPictureTest
Clean & maintainable test code requires zero unnecessary code.
Following stubbings are unnecessary (click to navigate to relevant line of code):
  1. -> at TouristSpotPictureTest.whenUserInsessionAndHasUserByFaceIdThenMustReturnUser(TouristSpotPictureTest.java:47)
  2. -> at TouristSpotPictureTest.whenUserInsessionAndHasUserByFaceIdThenMustReturnUser(TouristSpotPictureTest.java:48)
Please remove unnecessary stubbings or use 'lenient' strictness. More info: javadoc for UnnecessaryStubbingException class.

